
> @website/image_wtf@0.0.1 prepublishOnly D:\Developer\Application\ImageWTF\Website
> astro build

[31mWebSocket server error: Port is already in use[39m
00:08:32 [build] output: "static"
00:08:32 [build] directory: D:\Developer\Application\ImageWTF\Website\Target\
00:08:32 [build] Collecting build info...
00:08:32 [build] ✓ Completed in 414ms.
00:08:32 [build] Building static entrypoints...
00:08:37 [vite] [32m✓ built in 5.69s[39m
00:08:37 [build] ✓ Completed in 5.76s.

 building client (vite) 
00:08:37 [vite] transforming...
00:08:39 [vite] [32m✓[39m 25 modules transformed.
00:08:39 [vite] rendering chunks...
[plugin astro:prefetch] Sourcemap is likely to be incorrect: a plugin (astro:prefetch) was used to transform files, but didn't generate a sourcemap for the transformation. Consult the plugin documentation for help
[plugin astro:transitions] Sourcemap is likely to be incorrect: a plugin (astro:transitions) was used to transform files, but didn't generate a sourcemap for the transformation. Consult the plugin documentation for help
00:08:40 [vite] computing gzip size...
00:08:40 [vite] [2mTarget/[22m[36m_astro/Base.astro_astro_type_script_index_0_lang.Bn3wNPxu.js             [39m[1m[2m 1.42 kB[22m[1m[22m[2m │ gzip: 0.90 kB[22m[2m │ map:   0.73 kB[22m
00:08:40 [vite] [2mTarget/[22m[36m_astro/page.CY1iZwUD.js                                                  [39m[1m[2m 2.11 kB[22m[1m[22m[2m │ gzip: 1.07 kB[22m[2m │ map:   8.11 kB[22m
00:08:40 [vite] [2mTarget/[22m[36m_astro/ViewTransitions.astro_astro_type_script_index_0_lang.DnFK6dK7.js  [39m[1m[2m13.11 kB[22m[1m[22m[2m │ gzip: 4.62 kB[22m[2m │ map:  35.23 kB[22m
00:08:40 [vite] [2mTarget/[22m[36m_astro/index.esm.CDbocLk8.js                                             [39m[1m[2m39.52 kB[22m[1m[22m[2m │ gzip: 9.33 kB[22m[2m │ map: 197.07 kB[22m
00:08:40 [vite] [32m✓ built in 2.90s[39m

 generating static routes 
00:08:40 ▶ Source/pages/index.astro
00:08:40   └─ /index.html (+211ms)
00:08:40 ✓ Completed in 235ms.

00:08:41 [@astrojs/sitemap] `sitemap-index.xml` created at `Target`
Successfully inlined a total of 1 HTML file.
Successfully formatted a total of 4 JavaScript and TypeScript files.

 Compress 
✓ Successfully compressed a total of 1 CSS file for 65 Bytes.
✓ Successfully compressed a total of 1 HTML file for 151 Bytes.
00:08:47 [build] Waiting for integration "@playform/compress", hook "astro:build:done"...
✓ Successfully compressed a total of 3 JavaScript files for 24.54 KB.
00:08:47 [build] 1 page(s) built in 16.00s
00:08:47 [build] Complete!
